<?xml version="1.0" encoding="UTF-8"?>
<!-- Generated by org.testng.reporters.JUnitReportReporter -->
<testsuite hostname="DESKTOP-POO2DM4" failures="0" tests="1" name="TestNG.Eg1" time="11.475" errors="0" timestamp="2022-06-23T18:36:11 IST" skipped="0">
  <testcase classname="TestNG.Eg1" name="Test1" time="11.475"/>
  <system-out>
    <![CDATA[YOLO(You only live once)]]>
  </system-out>
</testsuite> <!-- TestNG.Eg1 -->
